<?xml version="1.0" encoding="UTF-8"?>
<testsuite name="ContactsTest" tests="1" skipped="0" failures="0" errors="0" timestamp="2023-04-08T21:28:21" hostname="IKOKSASUS" time="1.779">
  <properties/>
  <testcase name="start" classname="ContactsTest" time="1.779"/>
  <system-out><![CDATA[?[1;31m
Start test 1?[0m
[menu] Enter action (add, list, search, count, exit): > exit
?[1;31m
Start test 2?[0m
[menu] Enter action (add, list, search, count, exit): > count
The Phone Book has 0 records.

[menu] Enter action (add, list, search, count, exit): > exit
?[1;31m
Start test 3?[0m
[menu] Enter action (add, list, search, count, exit): > add

[add] Enter the type (person, organization): > person
Enter name: > John
Enter surname: > Smith
Enter birth: > 
Bad birth date!
Enter gender: > 
Bad gender!
Enter number: > 123 456 789
The record added.

[menu] Enter action (add, list, search, count, exit): > count
The Phone Book has 1 records.

[menu] Enter action (add, list, search, count, exit): > exit
?[1;31m
Start test 4?[0m
[menu] Enter action (add, list, search, count, exit): > add

[add] Enter the type (person, organization): > person
Enter name: > John
Enter surname: > Smith
Enter birth: > 
Bad birth date!
Enter gender: > 
Bad gender!
Enter number: > 123 456 789
The record added.

[menu] Enter action (add, list, search, count, exit): > list
1. John Smith

[list] Enter action ([number], back): > 1
Name: John
Surname: Smith
Birth date: [no data]
Gender: [no data]
Number: 123 456 789
Time created: 2023-04-08T23:28
Time last edit: 2023-04-08T23:28

[record] Enter action (edit, delete, menu): > menu

[menu] Enter action (add, list, search, count, exit): > exit
?[1;31m
Start test 5?[0m
[menu] Enter action (add, list, search, count, exit): > add

[add] Enter the type (person, organization): > organization
Enter name: > Pizza Shop
Enter address: > Wall St. 1
Enter number: > +0 (123) 456-789-9999
The record added.

[menu] Enter action (add, list, search, count, exit): > list
1. Pizza Shop

[list] Enter action ([number], back): > 1
Organization name: Pizza Shop
Address: Wall St. 1
Number: +0 (123) 456-789-9999
Time created: 2023-04-08T23:28
Time last edit: 2023-04-08T23:28

[record] Enter action (edit, delete, menu): > menu

[menu] Enter action (add, list, search, count, exit): > exit
?[1;31m
Start test 6?[0m
[menu] Enter action (add, list, search, count, exit): > add

[add] Enter the type (person, organization): > person
Enter name: > John
Enter surname: > Smith
Enter birth: > 
Bad birth date!
Enter gender: > 
Bad gender!
Enter number: > 123 456 789
The record added.

[menu] Enter action (add, list, search, count, exit): > list
1. John Smith

[list] Enter action ([number], back): > 1
Name: John
Surname: Smith
Birth date: [no data]
Gender: [no data]
Number: 123 456 789
Time created: 2023-04-08T23:28
Time last edit: 2023-04-08T23:28

[record] Enter action (edit, delete, menu): > edit
Select a field (name, surname, birth, gender, number): > gender
Enter gender: > M
Saved
Name: John
Surname: Smith
Birth date: [no data]
Gender: M
Number: 123 456 789
Time created: 2023-04-08T23:28
Time last edit: 2023-04-08T23:28

[record] Enter action (edit, delete, menu): > menu

[menu] Enter action (add, list, search, count, exit): > list
1. John Smith

[list] Enter action ([number], back): > 1
Name: John
Surname: Smith
Birth date: [no data]
Gender: M
Number: 123 456 789
Time created: 2023-04-08T23:28
Time last edit: 2023-04-08T23:28

[record] Enter action (edit, delete, menu): > menu

[menu] Enter action (add, list, search, count, exit): > exit
?[1;31m
Start test 7?[0m
[menu] Enter action (add, list, search, count, exit): > add

[add] Enter the type (person, organization): > organization
Enter name: > Pizza Shop
Enter address: > Wall St. 1
Enter number: > +0 (123) 456-789-9999
The record added.

[menu] Enter action (add, list, search, count, exit): > list
1. Pizza Shop

[list] Enter action ([number], back): > 1
Organization name: Pizza Shop
Address: Wall St. 1
Number: +0 (123) 456-789-9999
Time created: 2023-04-08T23:28
Time last edit: 2023-04-08T23:28

[record] Enter action (edit, delete, menu): > edit
Select a field (name, address, number): > address
Enter address: > Wall St 2
Saved
Organization name: Pizza Shop
Address: Wall St 2
Number: +0 (123) 456-789-9999
Time created: 2023-04-08T23:28
Time last edit: 2023-04-08T23:28

[record] Enter action (edit, delete, menu): > menu

[menu] Enter action (add, list, search, count, exit): > list
1. Pizza Shop

[list] Enter action ([number], back): > 1
Organization name: Pizza Shop
Address: Wall St 2
Number: +0 (123) 456-789-9999
Time created: 2023-04-08T23:28
Time last edit: 2023-04-08T23:28

[record] Enter action (edit, delete, menu): > menu

[menu] Enter action (add, list, search, count, exit): > exit
?[1;31m
Start test 8?[0m
[menu] Enter action (add, list, search, count, exit): > add

[add] Enter the type (person, organization): > organization
Enter name: > Pizza Shop
Enter address: > Wall St. 1
Enter number: > +0 (123) 456-789-9999
The record added.

[menu] Enter action (add, list, search, count, exit): > add

[add] Enter the type (person, organization): > person
Enter name: > John
Enter surname: > Smith
Enter birth: > 
Bad birth date!
Enter gender: > 
Bad gender!
Enter number: > 123 456 789
The record added.

[menu] Enter action (add, list, search, count, exit): > add

[add] Enter the type (person, organization): > organization
Enter name: > PizzaNuts
Enter address: > Wall St. 6
Enter number: > +0 (123) 456-789-9999
The record added.

[menu] Enter action (add, list, search, count, exit): > search
Enter search query: > pizz
1. Pizza Shop
2. PizzaNuts

[search] Enter action ([number], back, again): > 1
Organization name: Pizza Shop
Address: Wall St. 1
Number: +0 (123) 456-789-9999
Time created: 2023-04-08T23:28
Time last edit: 2023-04-08T23:28

[record] Enter action (edit, delete, menu): > menu

[menu] Enter action (add, list, search, count, exit): > exit
?[1;31m
Start test 9?[0m
[menu] Enter action (add, list, search, count, exit): > add

[add] Enter the type (person, organization): > organization
Enter name: > Pizza Shop
Enter address: > Wall St. 1
Enter number: > +0 (123) 456-789-9999
The record added.

[menu] Enter action (add, list, search, count, exit): > add

[add] Enter the type (person, organization): > person
Enter name: > John
Enter surname: > Smith
Enter birth: > 
Bad birth date!
Enter gender: > 
Bad gender!
Enter number: > 123 456 789
The record added.

[menu] Enter action (add, list, search, count, exit): > add

[add] Enter the type (person, organization): > organization
Enter name: > PizzaNuts
Enter address: > Wall St. 6
Enter number: > +0 (123) 456-789-9999
The record added.

[menu] Enter action (add, list, search, count, exit): > search
Enter search query: > s
1. Pizza Shop
2. John Smith
3. PizzaNuts

[search] Enter action ([number], back, again): > 1
Organization name: Pizza Shop
Address: Wall St. 1
Number: +0 (123) 456-789-9999
Time created: 2023-04-08T23:28
Time last edit: 2023-04-08T23:28

[record] Enter action (edit, delete, menu): > menu

[menu] Enter action (add, list, search, count, exit): > exit
?[1;31m
Start test 10?[0m
[menu] Enter action (add, list, search, count, exit): > add

[add] Enter the type (person, organization): > organization
Enter name: > Pizza Shop
Enter address: > Wall St. 1
Enter number: > +0 (123) 456-789-9999
The record added.

[menu] Enter action (add, list, search, count, exit): > add

[add] Enter the type (person, organization): > person
Enter name: > John
Enter surname: > Smith
Enter birth: > 
Bad birth date!
Enter gender: > 
Bad gender!
Enter number: > 123 456 789
The record added.

[menu] Enter action (add, list, search, count, exit): > add

[add] Enter the type (person, organization): > organization
Enter name: > PizzaNuts
Enter address: > Wall St. 6
Enter number: > +0 (123) 456-781-9999
The record added.

[menu] Enter action (add, list, search, count, exit): > search
Enter search query: > 789
1. Pizza Shop
2. John Smith

[search] Enter action ([number], back, again): > 1
Organization name: Pizza Shop
Address: Wall St. 1
Number: +0 (123) 456-789-9999
Time created: 2023-04-08T23:28
Time last edit: 2023-04-08T23:28

[record] Enter action (edit, delete, menu): > menu

[menu] Enter action (add, list, search, count, exit): > exit
]]></system-out>
  <system-err><![CDATA[]]></system-err>
</testsuite>
